<?xml version="1.0" encoding="UTF-8"?>
<!-- Generated by org.testng.reporters.JUnitReportReporter -->
<testsuite hostname="LAPTOP-9GECL9UO" failures="0" tests="1" name="testCases.TC005_CartTest" time="43.152" errors="0" timestamp="2024-12-14T22:53:00 IST" skipped="0">
  <testcase classname="testCases.TC005_CartTest" name="testClearCart" time="43.152"/>
</testsuite> <!-- testCases.TC005_CartTest -->
