<?xml version="1.0" encoding="UTF-8"?>
<!-- Generated by org.testng.reporters.JUnitReportReporter -->
<testsuite hostname="LAPTOP-9GECL9UO" failures="0" tests="1" name="testCases.TC002_LoginTest" time="6.887" errors="0" timestamp="2024-12-16T02:23:05 IST" skipped="0">
  <testcase classname="testCases.TC002_LoginTest" name="Validlogin" time="6.887"/>
</testsuite> <!-- testCases.TC002_LoginTest -->
