<?xml version="1.0" encoding="UTF-8"?>
<!-- Generated by org.testng.reporters.JUnitReportReporter -->
<testsuite hostname="LAPTOP-9GECL9UO" failures="0" tests="3" name="testCases.TC003_ProductCategoryTest" time="0.299" errors="0" timestamp="2024-12-16T02:04:11 IST" skipped="0">
  <testcase classname="testCases.TC003_ProductCategoryTest" name="ProductDetails" time="0.120"/>
  <testcase classname="testCases.TC003_ProductCategoryTest" name="testVerifyNavigationMenuItems" time="0.096"/>
  <testcase classname="testCases.TC003_ProductCategoryTest" name="testVerifyCategoryMenuItems" time="0.083"/>
</testsuite> <!-- testCases.TC003_ProductCategoryTest -->
