<?xml version="1.0" encoding="UTF-8"?>
<!-- Generated by org.testng.reporters.JUnitReportReporter -->
<testsuite hostname="LAPTOP-9GECL9UO" failures="0" tests="2" name="testCases.TC006_PurchaseTest" time="12.303" errors="0" timestamp="2024-12-15T14:04:44 IST" skipped="0">
  <testcase classname="testCases.TC006_PurchaseTest" name="testOrderWindowRedirection" time="7.256"/>
  <testcase classname="testCases.TC006_PurchaseTest" name="testCompleteOrderProcess" time="5.047"/>
</testsuite> <!-- testCases.TC006_PurchaseTest -->
