<?xml version="1.0" encoding="UTF-8"?>
<!-- Generated by org.testng.reporters.JUnitReportReporter -->
<testsuite hostname="LAPTOP-9GECL9UO" failures="0" tests="2" name="testCases.TC001_SignUpTest" time="13.469" errors="0" timestamp="2024-12-13T00:34:23 IST" skipped="0">
  <testcase classname="testCases.TC001_SignUpTest" name="validateSignUpFunction" time="3.172"/>
  <testcase classname="testCases.TC001_SignUpTest" name="validSignUp" time="10.297"/>
</testsuite> <!-- testCases.TC001_SignUpTest -->
