<?xml version="1.0" encoding="UTF-8"?>
<!-- Generated by org.testng.reporters.JUnitReportReporter -->
<testsuite hostname="LAPTOP-9GECL9UO" failures="0" tests="1" name="testCases.TC007_EndToEndTest" time="20.960" errors="0" timestamp="2024-12-16T00:18:08 IST" skipped="0">
  <testcase classname="testCases.TC007_EndToEndTest" name="testCompleteCart" time="20.960"/>
</testsuite> <!-- testCases.TC007_EndToEndTest -->
