<?xml version="1.0" encoding="UTF-8"?>
<!-- Generated by org.testng.reporters.JUnitReportReporter -->
<testsuite hostname="LAPTOP-9GECL9UO" failures="0" tests="4" name="testCases.TC004_ProductDetailsTest" time="26.400" errors="0" timestamp="2024-12-14T19:07:47 IST" skipped="0">
  <testcase classname="testCases.TC004_ProductDetailsTest" name="testAddProductToCart" time="18.635"/>
  <testcase classname="testCases.TC004_ProductDetailsTest" name="selectProductCategory" time="3.827"/>
  <testcase classname="testCases.TC004_ProductDetailsTest" name="testProductRedirection" time="3.806"/>
  <testcase classname="testCases.TC004_ProductDetailsTest" name="testProductDetailsAccuracy" time="0.132"/>
</testsuite> <!-- testCases.TC004_ProductDetailsTest -->
