<?xml version="1.0" encoding="UTF-8"?>
<!-- Generated by org.testng.reporters.JUnitReportReporter -->
<testsuite hostname="LAPTOP-9GECL9UO" failures="0" tests="3" name="testCases.TC003_ProductCategoryTest" time="0.251" errors="0" timestamp="2024-12-16T02:33:06 IST" skipped="0">
  <testcase classname="testCases.TC003_ProductCategoryTest" name="ProductDetails" time="0.110"/>
  <testcase classname="testCases.TC003_ProductCategoryTest" name="testVerifyNavigationMenuItems" time="0.099"/>
  <testcase classname="testCases.TC003_ProductCategoryTest" name="testVerifyCategoryMenuItems" time="0.042"/>
</testsuite> <!-- testCases.TC003_ProductCategoryTest -->
