<?xml version="1.0" encoding="UTF-8"?>
<!-- Generated by org.testng.reporters.JUnitReportReporter -->
<testsuite hostname="LAPTOP-9GECL9UO" failures="0" tests="2" name="testCases.TC006_PurchaseTest" time="11.794" errors="0" timestamp="2024-12-16T02:33:06 IST" skipped="0">
  <testcase classname="testCases.TC006_PurchaseTest" name="testOrderWindowRedirection" time="6.925"/>
  <testcase classname="testCases.TC006_PurchaseTest" name="testCompleteOrderProcess" time="4.869"/>
</testsuite> <!-- testCases.TC006_PurchaseTest -->
