<?xml version="1.0" encoding="UTF-8"?>
<!-- Generated by org.testng.reporters.JUnitReportReporter -->
<testsuite hostname="LAPTOP-9GECL9UO" failures="0" tests="2" name="testCases.TC001_SignUpTest" time="13.656" errors="0" timestamp="2024-12-16T02:33:06 IST" skipped="0">
  <testcase classname="testCases.TC001_SignUpTest" name="validateSignUpFunction" time="3.277"/>
  <testcase classname="testCases.TC001_SignUpTest" name="validSignUp" time="10.379"/>
</testsuite> <!-- testCases.TC001_SignUpTest -->
