<?xml version="1.0" encoding="UTF-8"?>
<!-- Generated by org.testng.reporters.JUnitReportReporter -->
<testsuite hostname="LAPTOP-9GECL9UO" failures="0" tests="3" name="testCases.TC005_CartTest" time="61.259" errors="0" timestamp="2024-12-16T02:33:06 IST" skipped="0">
  <testcase classname="testCases.TC005_CartTest" name="testDeleteItemFromCart" time="7.114"/>
  <testcase classname="testCases.TC005_CartTest" name="testTotalPriceCalculation" time="14.146"/>
  <testcase classname="testCases.TC005_CartTest" name="testClearCart" time="39.999"/>
</testsuite> <!-- testCases.TC005_CartTest -->
