<?xml version="1.0" encoding="UTF-8"?>
<!-- Generated by org.testng.reporters.JUnitReportReporter -->
<testsuite hostname="LAPTOP-9GECL9UO" failures="0" tests="4" name="testCases.TC004_ProductDetailsTest" time="27.029" errors="0" timestamp="2024-12-16T02:33:06 IST" skipped="0">
  <testcase classname="testCases.TC004_ProductDetailsTest" name="selectProductCategory" time="4.042"/>
  <testcase classname="testCases.TC004_ProductDetailsTest" name="testAddProductToCart" time="19.103"/>
  <testcase classname="testCases.TC004_ProductDetailsTest" name="testProductRedirection" time="3.753"/>
  <testcase classname="testCases.TC004_ProductDetailsTest" name="testProductDetailsAccuracy" time="0.131"/>
</testsuite> <!-- testCases.TC004_ProductDetailsTest -->
