<?xml version="1.0" encoding="UTF-8"?>
<!-- Generated by org.testng.reporters.JUnitReportReporter -->
<testsuite hostname="LAPTOP-9GECL9UO" failures="0" tests="1" name="testCases.TC007_EndToEndTest" time="26.930" errors="0" timestamp="2024-12-16T02:33:06 IST" skipped="0">
  <testcase classname="testCases.TC007_EndToEndTest" name="testCompleteCart" time="26.930"/>
</testsuite> <!-- testCases.TC007_EndToEndTest -->
